<?xml version="1.0" encoding="UTF-8"?>
<testng-results ignored="0" total="1" passed="1" failed="0" skipped="0">
  <reporter-output>
  </reporter-output>
  <suite started-at="2023-08-17T06:10:43Z" name="Suite" finished-at="2023-08-17T06:11:23Z" duration-ms="39904">
    <groups>
    </groups>
    <test started-at="2023-08-17T06:10:43Z" name="Test" finished-at="2023-08-17T06:11:23Z" duration-ms="39904">
      <class name="QAFox.ECommerce.AppTest">
        <test-method is-config="true" signature="setUp()[pri:0, instance:QAFox.ECommerce.AppTest@225129c]" started-at="2023-08-17T06:10:43Z" name="setUp" finished-at="2023-08-17T06:10:56Z" duration-ms="12815" status="PASS">
          <reporter-output>
          </reporter-output>
        </test-method> <!-- setUp -->
        <test-method signature="testApp()[pri:0, instance:QAFox.ECommerce.AppTest@225129c]" started-at="2023-08-17T06:10:56Z" name="testApp" finished-at="2023-08-17T06:11:20Z" duration-ms="24128" status="PASS">
          <reporter-output>
          </reporter-output>
        </test-method> <!-- testApp -->
        <test-method is-config="true" signature="tearDown()[pri:0, instance:QAFox.ECommerce.AppTest@225129c]" started-at="2023-08-17T06:11:20Z" name="tearDown" finished-at="2023-08-17T06:11:23Z" duration-ms="2913" status="PASS">
          <reporter-output>
          </reporter-output>
        </test-method> <!-- tearDown -->
      </class> <!-- QAFox.ECommerce.AppTest -->
    </test> <!-- Test -->
  </suite> <!-- Suite -->
</testng-results>
