<?xml version="1.0" encoding="UTF-8"?>
<testng-results ignored="0" total="1" passed="1" failed="0" skipped="0">
  <reporter-output>
  </reporter-output>
  <suite started-at="2023-08-17T09:24:52Z" name="Default suite" finished-at="2023-08-17T09:26:19Z" duration-ms="86830">
    <groups>
    </groups>
    <test started-at="2023-08-17T09:24:52Z" name="Default test" finished-at="2023-08-17T09:26:19Z" duration-ms="86830">
      <class name="QAFox.ECommerce.AppTest2">
        <test-method is-config="true" signature="setUp()[pri:0, instance:QAFox.ECommerce.AppTest2@38ba6ce3]" started-at="2023-08-17T09:24:52Z" name="setUp" finished-at="2023-08-17T09:25:03Z" duration-ms="10605" status="PASS">
          <reporter-output>
          </reporter-output>
        </test-method> <!-- setUp -->
        <test-method signature="testApp()[pri:0, instance:QAFox.ECommerce.AppTest2@38ba6ce3]" started-at="2023-08-17T09:25:03Z" name="testApp" finished-at="2023-08-17T09:26:12Z" duration-ms="68916" status="PASS">
          <reporter-output>
          </reporter-output>
        </test-method> <!-- testApp -->
        <test-method is-config="true" signature="tearDown()[pri:0, instance:QAFox.ECommerce.AppTest2@38ba6ce3]" started-at="2023-08-17T09:26:12Z" name="tearDown" finished-at="2023-08-17T09:26:19Z" duration-ms="7279" status="PASS">
          <reporter-output>
          </reporter-output>
        </test-method> <!-- tearDown -->
      </class> <!-- QAFox.ECommerce.AppTest2 -->
    </test> <!-- Default test -->
  </suite> <!-- Default suite -->
</testng-results>
